~M119
CMD M119 Received.
Endstop: X-max: 1 Y-max: 0 Z-max: 1
Status: S:1 L:0 J:0 F:1
MachineStatus: READY
MoveMode: READY
ok
~M105
CMD M105 Received.
T0:24 /0 B:0 /0
ok
~M27
CMD M27 Received.
SD printing byte 5525653/5525652
ok
~M119
CMD M119 Received.
Endstop: X-max: 1 Y-max: 0 Z-max: 1
Status: S:1 L:0 J:0 F:1
MachineStatus: READY
MoveMode: READY
ok
~M105
CMD M105 Received.
T0:24 /0 B:0 /0
ok
~M27
CMD M27 Received.
SD printing byte 5525653/5525652
ok
~M119
CMD M119 Received.
Endstop: X-max: 1 Y-max: 0 Z-max: 1
Status: S:1 L:0 J:0 F:1
MachineStatus: READY
MoveMode: READY
ok
~M105
CMD M105 Received.
T0:24 /0 B:0 /0
ok
~M119
CMD M119 Received.
Endstop: X-max: 1 Y-max: 0 Z-max: 1
Status: S:1 L:0 J:0 F:1
MachineStatus: READY
MoveMode: READY
ok
~M105
CMD M105 Received.
T0:24 /0 B:0 /0
ok
~M27
CMD M27 Received.
SD printing byte 5525653/5525652
ok
~M119
CMD M119 Received.
Endstop: X-max: 1 Y-max: 0 Z-max: 1
Status: S:1 L:0 J:0 F:1
MachineStatus: READY
MoveMode: READY
ok
~M146 r255 g0 b0 F0
CMD M146 Received.
ok
~M105
CMD M105 Received.
T0:24 /0 B:0 /0
ok
~M27
CMD M27 Received.
SD printing byte 5525653/5525652
ok
~M119
CMD M119 Received.
Endstop: X-max: 1 Y-max: 0 Z-max: 1
Status: S:1 L:0 J:0 F:1
MachineStatus: READY
MoveMode: READY
ok
~M105
CMD M105 Received.
T0:24 /0 B:0 /0
ok
~M119
CMD M119 Received.
Endstop: X-max: 1 Y-max: 0 Z-max: 1
Status: S:1 L:0 J:0 F:1
MachineStatus: READY
MoveMode: READY
ok
~M105
CMD M105 Received.
T0:24 /0 B:0 /0
ok
~M27
CMD M27 Received.
SD printing byte 5525653/5525652
ok
~M119
CMD M119 Received.
Endstop: X-max: 1 Y-max: 0 Z-max: 1
Status: S:1 L:0 J:0 F:1
MachineStatus: READY
MoveMode: READY
ok
~M105
CMD M105 Received.
T0:24 /0 B:0 /0
ok
~M27
CMD M27 Received.
SD printing byte 5525653/5525652
ok
~M119
CMD M119 Received.
Endstop: X-max: 1 Y-max: 0 Z-max: 1
Status: S:1 L:0 J:0 F:1
MachineStatus: READY
MoveMode: READY
ok
~M146 r255 g255 b255 F0
CMD M146 Received.
ok
~M105
CMD M105 Received.
T0:24 /0 B:0 /0
ok
~M119
CMD M119 Received.
Endstop: X-max: 1 Y-max: 0 Z-max: 1
Status: S:1 L:0 J:0 F:1
MachineStatus: READY
MoveMode: READY
ok
~M27
CMD M27 Received.
SD printing byte 5525653/5525652
ok
~M119
CMD M119 Received.
Endstop: X-max: 1 Y-max: 0 Z-max: 1
Status: S:1 L:0 J:0 F:1
MachineStatus: READY
MoveMode: READY
ok
~M105
